==============================================================
File generated by Vivado(TM) HLS - High-Level Synthesis from C, C++ and SystemC
Version: 2017.4
Copyright (C) 1986-2017 Xilinx, Inc. All Rights Reserved.

==============================================================

INFO: [SYN 201-201] Setting up clock 'default' with a period of 10ns.
INFO: [HLS 200-10] Setting target device to 'xc7z020clg484-1'
INFO: [HLS 200-10] Analyzing design file 'Cordic_hls/Cordic_Float.cpp' ...
INFO: [HLS 200-10] Analyzing design file 'Cordic_hls/testbench.cpp' ...
INFO: [HLS 200-10] Validating synthesis directives ...
INFO: [HLS 200-111] Finished Checking Pragmas Time (s): cpu = 00:00:06 ; elapsed = 00:01:09 . Memory (MB): peak = 99.348 ; gain = 44.863
INFO: [HLS 200-111] Finished Linking Time (s): cpu = 00:00:06 ; elapsed = 00:01:15 . Memory (MB): peak = 99.383 ; gain = 44.898
INFO: [HLS 200-10] Starting code transformations ...
INFO: [XFORM 203-603] Inlining function 'ap_fixed_base<18, 2, true, (ap_q_mode)4, (ap_o_mode)0, 0>::overflow_adjust' into 'ap_fixed_base<18, 2, true, (ap_q_mode)4, (ap_o_mode)0, 0>::ap_fixed_base<35, 19, true, (ap_q_mode)5, (ap_o_mode)3, 0>' ().
INFO: [XFORM 203-603] Inlining function 'ap_fixed_base<18, 2, true, (ap_q_mode)4, (ap_o_mode)0, 0>::overflow_adjust' into 'ap_fixed_base<18, 2, true, (ap_q_mode)4, (ap_o_mode)0, 0>::ap_fixed_base<36, 4, true, (ap_q_mode)5, (ap_o_mode)3, 0>' ().
INFO: [XFORM 203-603] Inlining function 'ap_fixed_base<18, 2, true, (ap_q_mode)4, (ap_o_mode)0, 0>::overflow_adjust' into 'ap_fixed_base<18, 2, true, (ap_q_mode)4, (ap_o_mode)0, 0>::ap_fixed_base<51, 35, true, (ap_q_mode)5, (ap_o_mode)3, 0>' ().
INFO: [XFORM 203-603] Inlining function 'ap_fixed_base<18, 2, true, (ap_q_mode)4, (ap_o_mode)0, 0>::overflow_adjust' into 'ap_fixed_base<18, 2, true, (ap_q_mode)4, (ap_o_mode)0, 0>::ap_fixed_base<50, 34, true, (ap_q_mode)5, (ap_o_mode)3, 0>' ().
INFO: [XFORM 203-603] Inlining function 'ap_fixed_base<18, 2, true, (ap_q_mode)4, (ap_o_mode)0, 0>::overflow_adjust' into 'ap_fixed_base<18, 2, true, (ap_q_mode)4, (ap_o_mode)0, 0>::ap_fixed_base<32, 32, true, (ap_q_mode)5, (ap_o_mode)3, 0>.1' ().
INFO: [XFORM 203-603] Inlining function 'ap_fixed_base<18, 2, true, (ap_q_mode)4, (ap_o_mode)0, 0>::overflow_adjust' into 'ap_fixed_base<18, 2, true, (ap_q_mode)4, (ap_o_mode)0, 0>::ap_fixed_base' ().
INFO: [XFORM 203-603] Inlining function 'ap_fixed_base<18, 3, true, (ap_q_mode)4, (ap_o_mode)0, 0>::overflow_adjust' into 'ap_fixed_base<18, 3, true, (ap_q_mode)4, (ap_o_mode)0, 0>::ap_fixed_base<51, 36, true, (ap_q_mode)5, (ap_o_mode)3, 0>' ().
INFO: [XFORM 203-603] Inlining function 'ap_fixed_base<18, 3, true, (ap_q_mode)4, (ap_o_mode)0, 0>::overflow_adjust' into 'ap_fixed_base<18, 3, true, (ap_q_mode)4, (ap_o_mode)0, 0>::ap_fixed_base<20, 4, true, (ap_q_mode)5, (ap_o_mode)3, 0>' ().
INFO: [XFORM 203-603] Inlining function 'ap_fixed_base<18, 3, true, (ap_q_mode)4, (ap_o_mode)0, 0>::overflow_adjust' into 'ap_fixed_base<18, 3, true, (ap_q_mode)4, (ap_o_mode)0, 0>::ap_fixed_base<32, 32, true, (ap_q_mode)5, (ap_o_mode)3, 0>.1' ().
INFO: [XFORM 203-603] Inlining function 'ap_fixed_base<18, 3, true, (ap_q_mode)4, (ap_o_mode)0, 0>::quantization_adjust' into 'ap_fixed_base<18, 3, true, (ap_q_mode)4, (ap_o_mode)0, 0>::ap_fixed_base<20, 4, true, (ap_q_mode)5, (ap_o_mode)3, 0>' ().
INFO: [XFORM 203-603] Inlining function 'ap_fixed_base<18, 2, true, (ap_q_mode)4, (ap_o_mode)0, 0>::operator>>' into 'Cordic' (Cordic_hls/Cordic_Float.cpp:47).
INFO: [XFORM 203-603] Inlining function 'ap_fixed_base<18, 2, true, (ap_q_mode)4, (ap_o_mode)0, 0>::operator>>' into 'Cordic' (Cordic_hls/Cordic_Float.cpp:46).
INFO: [XFORM 203-603] Inlining function 'ap_fixed_base<18, 2, true, (ap_q_mode)4, (ap_o_mode)0, 0>::quantization_adjust' into 'ap_fixed_base<18, 2, true, (ap_q_mode)4, (ap_o_mode)0, 0>::ap_fixed_base<36, 4, true, (ap_q_mode)5, (ap_o_mode)3, 0>' ().
INFO: [XFORM 203-603] Inlining function 'ap_fixed_base<18, 2, true, (ap_q_mode)4, (ap_o_mode)0, 0>::quantization_adjust' into 'ap_fixed_base<18, 